app/build/intermediates/manifest_merge_blame_file/debug/manifest-merger-blame-debug-report.txt
1<?xml version="1.0" encoding="utf-8"?>
2<manifest xmlns:android="http://schemas.android.com/apk/res/android"
3    package="com.example.phrasalverbs"
4    android:versionCode="1"
5    android:versionName="1.0" >
6
7    <uses-sdk
8        android:minSdkVersion="21"
8-->src\main\AndroidManifest.xml
9        android:targetSdkVersion="29" />
9-->src\main\AndroidManifest.xml
10
11    <uses-permission android:name="android.permission.INTERNET" />
11-->src\main\AndroidManifest.xml:5:5-67
11-->src\main\AndroidManifest.xml:5:22-64
12
13    <application
13-->src\main\AndroidManifest.xml:7:5-29:19
14        android:allowBackup="true"
14-->src\main\AndroidManifest.xml:8:9-35
15        android:appComponentFactory="androidx.core.app.CoreComponentFactory"
15-->[androidx.core:core:1.1.0] AndroidManifest.xml:24:18-86
16        android:debuggable="true"
17        android:icon="@mipmap/ic_launcher"
17-->src\main\AndroidManifest.xml:9:9-43
18        android:label="@string/app_name"
18-->src\main\AndroidManifest.xml:10:9-41
19        android:roundIcon="@mipmap/ic_launcher_round"
19-->src\main\AndroidManifest.xml:11:9-54
20        android:supportsRtl="true"
20-->src\main\AndroidManifest.xml:12:9-35
21        android:testOnly="true"
22        android:theme="@style/AppTheme" >
22-->src\main\AndroidManifest.xml:13:9-40
23        <activity android:name="com.example.phrasalverbs.MainScreen.Tests.Test_1" />
23-->src\main\AndroidManifest.xml:14:9-70
23-->src\main\AndroidManifest.xml:14:19-58
24        <activity android:name="com.example.phrasalverbs.MainScreen.ActivityPhrasalVerbs.ActivityPhrasalVerbs" />
24-->src\main\AndroidManifest.xml:15:9-99
24-->src\main\AndroidManifest.xml:15:19-87
25        <activity android:name="com.example.phrasalverbs.MainScreen.ActivityCollocations.ActivityCollocations" />
25-->src\main\AndroidManifest.xml:16:9-99
25-->src\main\AndroidManifest.xml:16:19-87
26        <activity android:name="com.example.phrasalverbs.MainScreen.Fruits.ActivityFruits" />
26-->src\main\AndroidManifest.xml:17:9-79
26-->src\main\AndroidManifest.xml:17:19-67
27        <activity android:name="com.example.phrasalverbs.MainScreen.Fruits.ActivityVegetables" />
27-->src\main\AndroidManifest.xml:18:9-83
27-->src\main\AndroidManifest.xml:18:19-71
28        <activity android:name="com.example.phrasalverbs.MainScreen.Professions.ActivityProfessions" />
28-->src\main\AndroidManifest.xml:19:9-89
28-->src\main\AndroidManifest.xml:19:19-77
29        <activity android:name="com.example.phrasalverbs.MainScreen.IrregularVerbs.ActivityIrregularVerbs" />
29-->src\main\AndroidManifest.xml:20:9-95
29-->src\main\AndroidManifest.xml:20:19-83
30        <activity android:name="com.example.phrasalverbs.MainScreen.Tests.TestsScreenActivity" />
30-->src\main\AndroidManifest.xml:21:9-83
30-->src\main\AndroidManifest.xml:21:19-71
31        <activity android:name="com.example.phrasalverbs.MainScreen.MainActivity" >
31-->src\main\AndroidManifest.xml:22:9-28:20
31-->src\main\AndroidManifest.xml:22:19-58
32            <intent-filter>
32-->src\main\AndroidManifest.xml:23:13-27:29
33                <action android:name="android.intent.action.MAIN" />
33-->src\main\AndroidManifest.xml:24:17-69
33-->src\main\AndroidManifest.xml:24:25-66
34
35                <category android:name="android.intent.category.LAUNCHER" />
35-->src\main\AndroidManifest.xml:26:17-77
35-->src\main\AndroidManifest.xml:26:27-74
36            </intent-filter>
37        </activity>
38
39        <provider
39-->[com.squareup.picasso:picasso:2.71828] AndroidManifest.xml:8:9-11:40
40            android:name="com.squareup.picasso.PicassoProvider"
40-->[com.squareup.picasso:picasso:2.71828] AndroidManifest.xml:9:13-64
41            android:authorities="com.example.phrasalverbs.com.squareup.picasso"
41-->[com.squareup.picasso:picasso:2.71828] AndroidManifest.xml:10:13-72
42            android:exported="false" />
42-->[com.squareup.picasso:picasso:2.71828] AndroidManifest.xml:11:13-37
43    </application>
44
45</manifest>